2025-10-23 18:16:32,087 INFO notifyConnectTimeout:100

2025-10-23 18:16:32,089 INFO notifySocketTimeout:200

2025-10-23 18:16:32,090 INFO isHealthCheck:true

2025-10-23 18:16:32,090 INFO maxHealthCheckFailCount:12

2025-10-23 18:16:32,090 INFO maxContent:10485760

2025-10-23 18:16:36,850 INFO All dump page size is set to 100 according to mem limit 1024 MB

2025-10-23 18:16:36,853 WARN DumpService start

2025-10-23 18:16:36,853 INFO start clear all config-info.

2025-10-23 18:16:36,854 INFO clear all config-info success.

2025-10-23 18:16:36,855 INFO clear all config-info-tenant success.

2025-10-23 18:16:36,859 INFO start dump all config-info...

2025-10-23 18:16:36,860 INFO success to  dump all config-info。

2025-10-23 18:16:36,860 INFO start to clear all gray-config-info on startup.

2025-10-23 18:16:36,860 INFO clear all config-info-gray success.

2025-10-23 18:16:36,861 INFO clear all config-info-gray-tenant success.

2025-10-23 18:16:42,382 INFO notifyConnectTimeout:100

2025-10-23 18:16:42,383 INFO notifySocketTimeout:200

2025-10-23 18:16:42,384 INFO isHealthCheck:true

2025-10-23 18:16:42,384 INFO maxHealthCheckFailCount:12

2025-10-23 18:16:42,384 INFO maxContent:10485760

2025-10-23 18:16:50,195 INFO All dump page size is set to 100 according to mem limit 1024 MB

2025-10-23 18:16:50,198 WARN DumpService start

2025-10-23 18:16:50,198 INFO start clear all config-info.

2025-10-23 18:16:50,199 INFO clear all config-info success.

2025-10-23 18:16:50,200 INFO clear all config-info-tenant success.

2025-10-23 18:16:50,205 INFO start dump all config-info...

2025-10-23 18:16:50,205 INFO success to  dump all config-info。

2025-10-23 18:16:50,206 INFO start to clear all gray-config-info on startup.

2025-10-23 18:16:50,206 INFO clear all config-info-gray success.

2025-10-23 18:16:50,207 INFO clear all config-info-gray-tenant success.

2025-10-23 18:17:21,026 INFO notifyConnectTimeout:100

2025-10-23 18:17:21,027 INFO notifySocketTimeout:200

2025-10-23 18:17:21,028 INFO isHealthCheck:true

2025-10-23 18:17:21,028 INFO maxHealthCheckFailCount:12

2025-10-23 18:17:21,028 INFO maxContent:10485760

2025-10-23 18:17:25,694 INFO All dump page size is set to 100 according to mem limit 1024 MB

2025-10-23 18:17:25,697 WARN DumpService start

2025-10-23 18:17:25,697 INFO start clear all config-info.

2025-10-23 18:17:25,699 INFO clear all config-info success.

2025-10-23 18:17:25,699 INFO clear all config-info-tenant success.

2025-10-23 18:17:25,706 INFO start dump all config-info...

2025-10-23 18:17:25,706 INFO success to  dump all config-info。

2025-10-23 18:17:25,706 INFO start to clear all gray-config-info on startup.

2025-10-23 18:17:25,707 INFO clear all config-info-gray success.

2025-10-23 18:17:25,708 INFO clear all config-info-gray-tenant success.

