2025-10-23 18:16:36,894 INFO Not configure type of control plugin, no limit control for current node.

2025-10-23 18:16:36,896 INFO Load connection metrics collector,size=2,[com.alibaba.nacos.config.server.service.LongPollingConnectionMetricsCollector@781befe7, com.alibaba.nacos.core.remote.LongConnectionMetricsCollector@1f748d43]

2025-10-23 18:16:36,899 INFO No connection rule content found ,use default empty rule 

2025-10-23 18:16:36,906 INFO No tps control rule of CONFIG_PUSH_COUNT found,content =null  

2025-10-23 18:16:36,906 WARN Tps point for CONFIG_PUSH_COUNT registered, But tps control manager is no limit implementation.

2025-10-23 18:16:36,908 INFO No tps control rule of CONFIG_PUSH_SUCCESS found,content =null  

2025-10-23 18:16:36,908 WARN Tps point for CONFIG_PUSH_SUCCESS registered, But tps control manager is no limit implementation.

2025-10-23 18:16:36,910 INFO No tps control rule of CONFIG_PUSH_FAIL found,content =null  

2025-10-23 18:16:36,910 WARN Tps point for CONFIG_PUSH_FAIL registered, But tps control manager is no limit implementation.

2025-10-23 18:16:50,247 INFO Not configure type of control plugin, no limit control for current node.

2025-10-23 18:16:50,249 INFO Load connection metrics collector,size=2,[com.alibaba.nacos.config.server.service.LongPollingConnectionMetricsCollector@5b076d23, com.alibaba.nacos.core.remote.LongConnectionMetricsCollector@63b0aeb1]

2025-10-23 18:16:50,253 INFO No connection rule content found ,use default empty rule 

2025-10-23 18:16:50,261 INFO No tps control rule of CONFIG_PUSH_COUNT found,content =null  

2025-10-23 18:16:50,261 WARN Tps point for CONFIG_PUSH_COUNT registered, But tps control manager is no limit implementation.

2025-10-23 18:16:50,263 INFO No tps control rule of CONFIG_PUSH_SUCCESS found,content =null  

2025-10-23 18:16:50,264 WARN Tps point for CONFIG_PUSH_SUCCESS registered, But tps control manager is no limit implementation.

2025-10-23 18:16:50,266 INFO No tps control rule of CONFIG_PUSH_FAIL found,content =null  

2025-10-23 18:16:50,266 WARN Tps point for CONFIG_PUSH_FAIL registered, But tps control manager is no limit implementation.

2025-10-23 18:17:25,754 INFO Not configure type of control plugin, no limit control for current node.

2025-10-23 18:17:25,756 INFO Load connection metrics collector,size=2,[com.alibaba.nacos.config.server.service.LongPollingConnectionMetricsCollector@140449d9, com.alibaba.nacos.core.remote.LongConnectionMetricsCollector@1a99d328]

2025-10-23 18:17:25,759 INFO No connection rule content found ,use default empty rule 

2025-10-23 18:17:25,766 INFO No tps control rule of CONFIG_PUSH_COUNT found,content =null  

2025-10-23 18:17:25,766 WARN Tps point for CONFIG_PUSH_COUNT registered, But tps control manager is no limit implementation.

2025-10-23 18:17:25,768 INFO No tps control rule of CONFIG_PUSH_SUCCESS found,content =null  

2025-10-23 18:17:25,769 WARN Tps point for CONFIG_PUSH_SUCCESS registered, But tps control manager is no limit implementation.

2025-10-23 18:17:25,771 INFO No tps control rule of CONFIG_PUSH_FAIL found,content =null  

2025-10-23 18:17:25,771 WARN Tps point for CONFIG_PUSH_FAIL registered, But tps control manager is no limit implementation.

