2025-10-23 18:16:37,291 INFO Initializes the Raft protocol, raft-config info : {"data":{},"members":["0.0.0.0:7848"],"strictMode":false,"selfMember":"0.0.0.0:7848"}

2025-10-23 18:16:37,419 INFO ========= The raft protocol is starting... =========

2025-10-23 18:16:37,453 INFO ========= The raft protocol start finished... =========

2025-10-23 18:16:37,497 INFO create raft group : naming_persistent_service_v2

2025-10-23 18:16:37,517 INFO shutdown jraft server

2025-10-23 18:16:37,518 INFO ========= The raft protocol is starting to close =========

2025-10-23 18:16:37,518 INFO ========= The raft protocol has been closed =========

2025-10-23 18:16:50,626 INFO Initializes the Raft protocol, raft-config info : {"data":{},"members":["0.0.0.0:7848"],"strictMode":false,"selfMember":"0.0.0.0:7848"}

2025-10-23 18:16:50,775 INFO ========= The raft protocol is starting... =========

2025-10-23 18:16:50,787 INFO ========= The raft protocol start finished... =========

2025-10-23 18:16:50,843 INFO create raft group : naming_persistent_service_v2

2025-10-23 18:16:50,859 INFO shutdown jraft server

2025-10-23 18:16:50,860 INFO ========= The raft protocol is starting to close =========

2025-10-23 18:16:50,860 INFO ========= The raft protocol has been closed =========

2025-10-23 18:17:26,129 INFO Initializes the Raft protocol, raft-config info : {"data":{},"members":["0.0.0.0:7848"],"strictMode":false,"selfMember":"0.0.0.0:7848"}

2025-10-23 18:17:26,257 INFO ========= The raft protocol is starting... =========

2025-10-23 18:17:26,272 INFO ========= The raft protocol start finished... =========

2025-10-23 18:17:26,307 INFO create raft group : naming_persistent_service_v2

2025-10-23 18:17:26,342 INFO shutdown jraft server

2025-10-23 18:17:26,343 INFO ========= The raft protocol is starting to close =========

2025-10-23 18:17:26,344 INFO ========= The raft protocol has been closed =========

