2025-10-23 18:16:36,871 INFO [ClientConnectionEventListenerRegistry] registry listener - ConfigConnectionEventListener

2025-10-23 18:16:37,002 INFO Nacos GrpcSdkServer Rpc server starting at port 9848

2025-10-23 18:16:37,149 INFO Load ProtocolNegotiatorBuilder com.alibaba.nacos.core.remote.grpc.negotiator.tls.SdkDefaultTlsProtocolNegotiatorBuilder for type DEFAULT_TLS

2025-10-23 18:16:37,149 INFO Load ProtocolNegotiatorBuilder com.alibaba.nacos.core.remote.grpc.negotiator.tls.ClusterDefaultTlsProtocolNegotiatorBuilder for type CLUSTER_DEFAULT_TLS

2025-10-23 18:16:37,150 WARN Not found ProtocolNegotiatorBuilder for type nacos.remote.server.rpc.protocol.negotiator.type, will use default type nacos.remote.server.rpc.protocol.negotiator.type

2025-10-23 18:16:37,153 WARN Recommended use 'nacos.remote.server.grpc.sdk.max-inbound-message-size' property instead 'nacos.remote.server.grpc.maxinbound.message.size', now property value is 10485760

2025-10-23 18:16:37,218 INFO Ssl Context auto refresh is not supported.

2025-10-23 18:16:37,219 INFO Ssl Context auto refresh is not supported.

2025-10-23 18:16:37,219 INFO RpcServerSslContextRefresher initialization completed.

2025-10-23 18:16:37,219 INFO Nacos GrpcSdkServer Rpc server started at port 9848

2025-10-23 18:16:37,222 INFO Nacos GrpcClusterServer Rpc server starting at port 9849

2025-10-23 18:16:37,223 WARN Not found ProtocolNegotiatorBuilder for type nacos.remote.cluster.server.rpc.protocol.negotiator.type, will use default type nacos.remote.cluster.server.rpc.protocol.negotiator.type

2025-10-23 18:16:37,224 WARN Recommended use 'nacos.remote.server.grpc.cluster.max-inbound-message-size' property instead 'nacos.remote.server.grpc.maxinbound.message.size', now property value is 10485760

2025-10-23 18:16:37,225 INFO Nacos GrpcClusterServer Rpc server started at port 9849

2025-10-23 18:16:37,228 INFO [ClientConnectionEventListenerRegistry] registry listener - RpcAckCallbackInitorOrCleaner

2025-10-23 18:16:37,249 INFO [ClientConnectionEventListenerRegistry] registry listener - ConnectionBasedClientManager

2025-10-23 18:16:37,870 INFO Nacos GrpcClusterServer Rpc server stopping

2025-10-23 18:16:37,870 INFO Nacos GrpcClusterServer Rpc server stopped successfully...

2025-10-23 18:16:37,870 INFO Nacos GrpcSdkServer Rpc server stopping

2025-10-23 18:16:37,871 INFO Nacos GrpcSdkServer Rpc server stopped successfully...

2025-10-23 18:16:50,221 INFO [ClientConnectionEventListenerRegistry] registry listener - ConfigConnectionEventListener

2025-10-23 18:16:50,372 INFO Nacos GrpcSdkServer Rpc server starting at port 9848

2025-10-23 18:16:50,479 INFO Load ProtocolNegotiatorBuilder com.alibaba.nacos.core.remote.grpc.negotiator.tls.SdkDefaultTlsProtocolNegotiatorBuilder for type DEFAULT_TLS

2025-10-23 18:16:50,479 INFO Load ProtocolNegotiatorBuilder com.alibaba.nacos.core.remote.grpc.negotiator.tls.ClusterDefaultTlsProtocolNegotiatorBuilder for type CLUSTER_DEFAULT_TLS

2025-10-23 18:16:50,481 WARN Not found ProtocolNegotiatorBuilder for type nacos.remote.server.rpc.protocol.negotiator.type, will use default type nacos.remote.server.rpc.protocol.negotiator.type

2025-10-23 18:16:50,484 WARN Recommended use 'nacos.remote.server.grpc.sdk.max-inbound-message-size' property instead 'nacos.remote.server.grpc.maxinbound.message.size', now property value is 10485760

2025-10-23 18:16:50,542 INFO Ssl Context auto refresh is not supported.

2025-10-23 18:16:50,542 INFO Ssl Context auto refresh is not supported.

2025-10-23 18:16:50,542 INFO RpcServerSslContextRefresher initialization completed.

2025-10-23 18:16:50,542 INFO Nacos GrpcSdkServer Rpc server started at port 9848

2025-10-23 18:16:50,545 INFO Nacos GrpcClusterServer Rpc server starting at port 9849

2025-10-23 18:16:50,546 WARN Not found ProtocolNegotiatorBuilder for type nacos.remote.cluster.server.rpc.protocol.negotiator.type, will use default type nacos.remote.cluster.server.rpc.protocol.negotiator.type

2025-10-23 18:16:50,547 WARN Recommended use 'nacos.remote.server.grpc.cluster.max-inbound-message-size' property instead 'nacos.remote.server.grpc.maxinbound.message.size', now property value is 10485760

2025-10-23 18:16:50,549 INFO Nacos GrpcClusterServer Rpc server started at port 9849

2025-10-23 18:16:50,554 INFO [ClientConnectionEventListenerRegistry] registry listener - RpcAckCallbackInitorOrCleaner

2025-10-23 18:16:50,574 INFO [ClientConnectionEventListenerRegistry] registry listener - ConnectionBasedClientManager

2025-10-23 18:16:51,212 INFO Nacos GrpcSdkServer Rpc server stopping

2025-10-23 18:16:51,212 INFO Nacos GrpcSdkServer Rpc server stopped successfully...

2025-10-23 18:16:51,213 INFO Nacos GrpcClusterServer Rpc server stopping

2025-10-23 18:16:51,213 INFO Nacos GrpcClusterServer Rpc server stopped successfully...

2025-10-23 18:17:25,724 INFO [ClientConnectionEventListenerRegistry] registry listener - ConfigConnectionEventListener

2025-10-23 18:17:25,880 INFO Nacos GrpcSdkServer Rpc server starting at port 9848

2025-10-23 18:17:25,977 INFO Load ProtocolNegotiatorBuilder com.alibaba.nacos.core.remote.grpc.negotiator.tls.SdkDefaultTlsProtocolNegotiatorBuilder for type DEFAULT_TLS

2025-10-23 18:17:25,978 INFO Load ProtocolNegotiatorBuilder com.alibaba.nacos.core.remote.grpc.negotiator.tls.ClusterDefaultTlsProtocolNegotiatorBuilder for type CLUSTER_DEFAULT_TLS

2025-10-23 18:17:25,978 WARN Not found ProtocolNegotiatorBuilder for type nacos.remote.server.rpc.protocol.negotiator.type, will use default type nacos.remote.server.rpc.protocol.negotiator.type

2025-10-23 18:17:25,980 WARN Recommended use 'nacos.remote.server.grpc.sdk.max-inbound-message-size' property instead 'nacos.remote.server.grpc.maxinbound.message.size', now property value is 10485760

2025-10-23 18:17:26,064 INFO Ssl Context auto refresh is not supported.

2025-10-23 18:17:26,065 INFO Ssl Context auto refresh is not supported.

2025-10-23 18:17:26,065 INFO RpcServerSslContextRefresher initialization completed.

2025-10-23 18:17:26,065 INFO Nacos GrpcSdkServer Rpc server started at port 9848

2025-10-23 18:17:26,068 INFO Nacos GrpcClusterServer Rpc server starting at port 9849

2025-10-23 18:17:26,069 WARN Not found ProtocolNegotiatorBuilder for type nacos.remote.cluster.server.rpc.protocol.negotiator.type, will use default type nacos.remote.cluster.server.rpc.protocol.negotiator.type

2025-10-23 18:17:26,070 WARN Recommended use 'nacos.remote.server.grpc.cluster.max-inbound-message-size' property instead 'nacos.remote.server.grpc.maxinbound.message.size', now property value is 10485760

2025-10-23 18:17:26,071 INFO Nacos GrpcClusterServer Rpc server started at port 9849

2025-10-23 18:17:26,076 INFO [ClientConnectionEventListenerRegistry] registry listener - RpcAckCallbackInitorOrCleaner

2025-10-23 18:17:26,094 INFO [ClientConnectionEventListenerRegistry] registry listener - ConnectionBasedClientManager

2025-10-23 18:17:26,695 INFO Nacos GrpcSdkServer Rpc server stopping

2025-10-23 18:17:26,696 INFO Nacos GrpcSdkServer Rpc server stopped successfully...

2025-10-23 18:17:26,696 INFO Nacos GrpcClusterServer Rpc server stopping

2025-10-23 18:17:26,697 INFO Nacos GrpcClusterServer Rpc server stopped successfully...

